<?xml version="1.0" encoding="UTF-8"?>
<coverage generated="1788207498078" clover="3.2.0">
  <project timestamp="1788207498078" name="All files">
    <metrics statements="54" coveredstatements="31" conditionals="21" coveredconditionals="11" methods="19" coveredmethods="12" elements="94" coveredelements="54" complexity="0" loc="54" ncloc="54" packages="2" files="2" classes="2"/>
    <package name="lib.components.gitgraph">
      <metrics statements="36" coveredstatements="23" conditionals="11" coveredconditionals="9" methods="13" coveredmethods="10"/>
      <file name="CommitInteractionState.svelte.ts" path="/home/baris/Bureau/TFE-git/src/lib/components/gitgraph/CommitInteractionState.svelte.ts">
        <metrics statements="36" coveredstatements="23" conditionals="11" coveredconditionals="9" methods="13" coveredmethods="10"/>
        <line num="5" count="6" type="stmt"/>
        <line num="6" count="6" type="stmt"/>
        <line num="7" count="6" type="stmt"/>
        <line num="8" count="6" type="stmt"/>
        <line num="10" count="6" type="stmt"/>
        <line num="11" count="6" type="stmt"/>
        <line num="12" count="6" type="stmt"/>
        <line num="13" count="6" type="stmt"/>
        <line num="17" count="3" type="cond" truecount="2" falsecount="0"/>
        <line num="18" count="2" type="cond" truecount="2" falsecount="0"/>
        <line num="19" count="1" type="stmt"/>
        <line num="20" count="1" type="stmt"/>
        <line num="22" count="1" type="stmt"/>
        <line num="23" count="1" type="stmt"/>
        <line num="24" count="1" type="stmt"/>
        <line num="27" count="1" type="stmt"/>
        <line num="28" count="1" type="stmt"/>
        <line num="29" count="1" type="stmt"/>
        <line num="33" count="0" type="stmt"/>
        <line num="34" count="0" type="stmt"/>
        <line num="38" count="0" type="cond" truecount="0" falsecount="2"/>
        <line num="41" count="0" type="stmt"/>
        <line num="42" count="0" type="stmt"/>
        <line num="43" count="0" type="stmt"/>
        <line num="44" count="0" type="stmt"/>
        <line num="45" count="0" type="stmt"/>
        <line num="46" count="0" type="stmt"/>
        <line num="50" count="0" type="stmt"/>
        <line num="51" count="0" type="stmt"/>
        <line num="52" count="0" type="stmt"/>
        <line num="56" count="3" type="cond" truecount="5" falsecount="0"/>
        <line num="57" count="1" type="stmt"/>
        <line num="58" count="2" type="stmt"/>
        <line num="59" count="2" type="stmt"/>
        <line num="60" count="2" type="stmt"/>
        <line num="66" count="0" type="stmt"/>
      </file>
    </package>
    <package name="routes">
      <metrics statements="18" coveredstatements="8" conditionals="10" coveredconditionals="2" methods="6" coveredmethods="2"/>
      <file name="+page.svelte" path="/home/baris/Bureau/TFE-git/src/routes/+page.svelte">
        <metrics statements="18" coveredstatements="8" conditionals="10" coveredconditionals="2" methods="6" coveredmethods="2"/>
        <line num="9" count="2" type="stmt"/>
        <line num="11" count="2" type="stmt"/>
        <line num="12" count="2" type="stmt"/>
        <line num="13" count="2" type="cond" truecount="1" falsecount="1"/>
        <line num="15" count="2" type="stmt"/>
        <line num="21" count="0" type="cond" truecount="0" falsecount="2"/>
        <line num="23" count="0" type="stmt"/>
        <line num="28" count="0" type="stmt"/>
        <line num="29" count="0" type="stmt"/>
        <line num="33" count="2" type="stmt"/>
        <line num="39" count="2" type="cond" truecount="1" falsecount="3"/>
        <line num="40" count="2" type="stmt"/>
        <line num="43" count="0" type="cond" truecount="0" falsecount="2"/>
        <line num="45" count="0" type="stmt"/>
        <line num="46" count="0" type="stmt"/>
        <line num="47" count="0" type="stmt"/>
        <line num="49" count="0" type="stmt"/>
        <line num="52" count="0" type="stmt"/>
      </file>
    </package>
  </project>
</coverage>
