<?xml version="1.0" encoding="UTF-8"?>
<coverage generated="1787842677792" clover="3.2.0">
  <project timestamp="1787842677792" name="All files">
    <metrics statements="36" coveredstatements="23" conditionals="11" coveredconditionals="9" methods="13" coveredmethods="10" elements="60" coveredelements="42" complexity="0" loc="36" ncloc="36" packages="1" files="1" classes="1"/>
    <file name="CommitInteractionState.svelte.ts" path="/home/baris/Bureau/TFE-git/src/lib/components/gitgraph/CommitInteractionState.svelte.ts">
      <metrics statements="36" coveredstatements="23" conditionals="11" coveredconditionals="9" methods="13" coveredmethods="10"/>
      <line num="5" count="6" type="stmt"/>
      <line num="6" count="6" type="stmt"/>
      <line num="7" count="6" type="stmt"/>
      <line num="8" count="6" type="stmt"/>
      <line num="10" count="6" type="stmt"/>
      <line num="11" count="6" type="stmt"/>
      <line num="12" count="6" type="stmt"/>
      <line num="13" count="6" type="stmt"/>
      <line num="17" count="3" type="cond" truecount="2" falsecount="0"/>
      <line num="18" count="2" type="cond" truecount="2" falsecount="0"/>
      <line num="19" count="1" type="stmt"/>
      <line num="20" count="1" type="stmt"/>
      <line num="22" count="1" type="stmt"/>
      <line num="23" count="1" type="stmt"/>
      <line num="24" count="1" type="stmt"/>
      <line num="27" count="1" type="stmt"/>
      <line num="28" count="1" type="stmt"/>
      <line num="29" count="1" type="stmt"/>
      <line num="33" count="0" type="stmt"/>
      <line num="34" count="0" type="stmt"/>
      <line num="38" count="0" type="cond" truecount="0" falsecount="2"/>
      <line num="41" count="0" type="stmt"/>
      <line num="42" count="0" type="stmt"/>
      <line num="43" count="0" type="stmt"/>
      <line num="44" count="0" type="stmt"/>
      <line num="45" count="0" type="stmt"/>
      <line num="46" count="0" type="stmt"/>
      <line num="50" count="0" type="stmt"/>
      <line num="51" count="0" type="stmt"/>
      <line num="52" count="0" type="stmt"/>
      <line num="56" count="3" type="cond" truecount="5" falsecount="0"/>
      <line num="57" count="1" type="stmt"/>
      <line num="58" count="2" type="stmt"/>
      <line num="59" count="2" type="stmt"/>
      <line num="60" count="2" type="stmt"/>
      <line num="66" count="0" type="stmt"/>
    </file>
  </project>
</coverage>
