{"/home/baris/Bureau/TFE-git/src/lib/components/gitgraph/CommitInteractionState.svelte.ts": {"path":"/home/baris/Bureau/TFE-git/src/lib/components/gitgraph/CommitInteractionState.svelte.ts","statementMap":{"0":{"start":{"line":5,"column":24},"end":{"line":5,"column":null}},"1":{"start":{"line":6,"column":14},"end":{"line":6,"column":null}},"2":{"start":{"line":7,"column":15},"end":{"line":7,"column":null}},"3":{"start":{"line":8,"column":19},"end":{"line":8,"column":null}},"4":{"start":{"line":10,"column":14},"end":{"line":10,"column":null}},"5":{"start":{"line":11,"column":16},"end":{"line":11,"column":null}},"6":{"start":{"line":12,"column":24},"end":{"line":12,"column":null}},"7":{"start":{"line":13,"column":15},"end":{"line":13,"column":null}},"8":{"start":{"line":17,"column":4},"end":{"line":25,"column":null}},"9":{"start":{"line":18,"column":6},"end":{"line":21,"column":null}},"10":{"start":{"line":19,"column":8},"end":{"line":19,"column":null}},"11":{"start":{"line":20,"column":8},"end":{"line":20,"column":null}},"12":{"start":{"line":22,"column":6},"end":{"line":22,"column":null}},"13":{"start":{"line":23,"column":6},"end":{"line":23,"column":null}},"14":{"start":{"line":24,"column":6},"end":{"line":24,"column":null}},"15":{"start":{"line":27,"column":4},"end":{"line":27,"column":null}},"16":{"start":{"line":28,"column":4},"end":{"line":28,"column":null}},"17":{"start":{"line":29,"column":4},"end":{"line":29,"column":null}},"18":{"start":{"line":33,"column":4},"end":{"line":33,"column":null}},"19":{"start":{"line":34,"column":4},"end":{"line":34,"column":null}},"20":{"start":{"line":38,"column":4},"end":{"line":38,"column":null}},"21":{"start":{"line":38,"column":30},"end":{"line":38,"column":null}},"22":{"start":{"line":41,"column":4},"end":{"line":41,"column":null}},"23":{"start":{"line":42,"column":4},"end":{"line":42,"column":null}},"24":{"start":{"line":43,"column":4},"end":{"line":43,"column":null}},"25":{"start":{"line":44,"column":4},"end":{"line":44,"column":null}},"26":{"start":{"line":45,"column":4},"end":{"line":45,"column":null}},"27":{"start":{"line":46,"column":4},"end":{"line":46,"column":null}},"28":{"start":{"line":50,"column":4},"end":{"line":50,"column":null}},"29":{"start":{"line":51,"column":4},"end":{"line":51,"column":null}},"30":{"start":{"line":52,"column":4},"end":{"line":52,"column":null}},"31":{"start":{"line":56,"column":4},"end":{"line":57,"column":null}},"32":{"start":{"line":57,"column":6},"end":{"line":57,"column":null}},"33":{"start":{"line":58,"column":4},"end":{"line":58,"column":null}},"34":{"start":{"line":59,"column":4},"end":{"line":67,"column":null}},"35":{"start":{"line":60,"column":6},"end":{"line":63,"column":null}},"36":{"start":{"line":66,"column":6},"end":{"line":66,"column":null}}},"fnMap":{"0":{"name":"isComparaisonActive","decl":{"start":{"line":5,"column":2},"end":{"line":5,"column":24}},"loc":{"start":{"line":5,"column":2},"end":{"line":5,"column":24}},"line":5},"1":{"name":"firstHash","decl":{"start":{"line":6,"column":2},"end":{"line":6,"column":14}},"loc":{"start":{"line":6,"column":2},"end":{"line":6,"column":14}},"line":6},"2":{"name":"secondHash","decl":{"start":{"line":7,"column":2},"end":{"line":7,"column":15}},"loc":{"start":{"line":7,"column":2},"end":{"line":7,"column":15}},"line":7},"3":{"name":"selectedCommit","decl":{"start":{"line":8,"column":2},"end":{"line":8,"column":19}},"loc":{"start":{"line":8,"column":2},"end":{"line":8,"column":19}},"line":8},"4":{"name":"diffError","decl":{"start":{"line":10,"column":2},"end":{"line":10,"column":14}},"loc":{"start":{"line":10,"column":2},"end":{"line":10,"column":14}},"line":10},"5":{"name":"isBarActive","decl":{"start":{"line":11,"column":2},"end":{"line":11,"column":16}},"loc":{"start":{"line":11,"column":2},"end":{"line":11,"column":16}},"line":11},"6":{"name":"commitInfoDisplayed","decl":{"start":{"line":12,"column":2},"end":{"line":12,"column":24}},"loc":{"start":{"line":12,"column":2},"end":{"line":12,"column":24}},"line":12},"7":{"name":"diffResult","decl":{"start":{"line":13,"column":2},"end":{"line":13,"column":15}},"loc":{"start":{"line":13,"column":2},"end":{"line":13,"column":15}},"line":13},"8":{"name":"openBoxOnCommitClick","decl":{"start":{"line":15,"column":2},"end":{"line":15,"column":23}},"loc":{"start":{"line":15,"column":64},"end":{"line":30,"column":null}},"line":15},"9":{"name":"displayCommitInfo","decl":{"start":{"line":32,"column":2},"end":{"line":32,"column":22}},"loc":{"start":{"line":32,"column":22},"end":{"line":35,"column":null}},"line":32},"10":{"name":"startComparaison","decl":{"start":{"line":37,"column":2},"end":{"line":37,"column":21}},"loc":{"start":{"line":37,"column":21},"end":{"line":47,"column":null}},"line":37},"11":{"name":"cancelComparaison","decl":{"start":{"line":49,"column":2},"end":{"line":49,"column":22}},"loc":{"start":{"line":49,"column":22},"end":{"line":53,"column":null}},"line":49},"12":{"name":"commitComparaison","decl":{"start":{"line":55,"column":8},"end":{"line":55,"column":26}},"loc":{"start":{"line":55,"column":47},"end":{"line":68,"column":null}},"line":55}},"branchMap":{"0":{"loc":{"start":{"line":17,"column":4},"end":{"line":25,"column":null}},"type":"if","locations":[{"start":{"line":17,"column":4},"end":{"line":25,"column":null}},{"start":{},"end":{}}],"line":17},"1":{"loc":{"start":{"line":18,"column":6},"end":{"line":21,"column":null}},"type":"if","locations":[{"start":{"line":18,"column":6},"end":{"line":21,"column":null}},{"start":{},"end":{}}],"line":18},"2":{"loc":{"start":{"line":38,"column":4},"end":{"line":38,"column":null}},"type":"if","locations":[{"start":{"line":38,"column":4},"end":{"line":38,"column":null}},{"start":{},"end":{}}],"line":38},"3":{"loc":{"start":{"line":56,"column":4},"end":{"line":57,"column":null}},"type":"if","locations":[{"start":{"line":56,"column":4},"end":{"line":57,"column":null}},{"start":{},"end":{}}],"line":56},"4":{"loc":{"start":{"line":56,"column":4},"end":{"line":56,"column":null}},"type":"binary-expr","locations":[{"start":{"line":56,"column":4},"end":{"line":56,"column":35}},{"start":{"line":56,"column":27},"end":{"line":56,"column":63}},{"start":{"line":56,"column":55},"end":{"line":56,"column":null}}],"line":56}},"s":{"0":6,"1":6,"2":6,"3":6,"4":6,"5":6,"6":6,"7":6,"8":3,"9":2,"10":1,"11":1,"12":1,"13":1,"14":1,"15":1,"16":1,"17":1,"18":0,"19":0,"20":0,"21":0,"22":0,"23":0,"24":0,"25":0,"26":0,"27":0,"28":0,"29":0,"30":0,"31":3,"32":1,"33":2,"34":2,"35":2,"36":0},"f":{"0":5,"1":11,"2":8,"3":2,"4":5,"5":2,"6":2,"7":3,"8":3,"9":0,"10":0,"11":0,"12":3},"b":{"0":[2,1],"1":[1,1],"2":[0,0],"3":[1,2],"4":[3,2,2]},"meta":{"lastBranch":5,"lastFunction":13,"lastStatement":37,"seen":{"s:5:24:5:Infinity":0,"s:6:14:6:Infinity":1,"s:7:15:7:Infinity":2,"s:8:19:8:Infinity":3,"s:10:14:10:Infinity":4,"s:11:16:11:Infinity":5,"s:12:24:12:Infinity":6,"s:13:15:13:Infinity":7,"f:5:2:5:24":0,"f:6:2:6:14":1,"f:7:2:7:15":2,"f:8:2:8:19":3,"f:10:2:10:14":4,"f:11:2:11:16":5,"f:12:2:12:24":6,"f:13:2:13:15":7,"f:15:2:15:23":8,"b:17:4:25:Infinity:undefined:undefined:undefined:undefined":0,"s:17:4:25:Infinity":8,"b:18:6:21:Infinity:undefined:undefined:undefined:undefined":1,"s:18:6:21:Infinity":9,"s:19:8:19:Infinity":10,"s:20:8:20:Infinity":11,"s:22:6:22:Infinity":12,"s:23:6:23:Infinity":13,"s:24:6:24:Infinity":14,"s:27:4:27:Infinity":15,"s:28:4:28:Infinity":16,"s:29:4:29:Infinity":17,"f:32:2:32:22":9,"s:33:4:33:Infinity":18,"s:34:4:34:Infinity":19,"f:37:2:37:21":10,"b:38:4:38:Infinity:undefined:undefined:undefined:undefined":2,"s:38:4:38:Infinity":20,"s:38:30:38:Infinity":21,"s:41:4:41:Infinity":22,"s:42:4:42:Infinity":23,"s:43:4:43:Infinity":24,"s:44:4:44:Infinity":25,"s:45:4:45:Infinity":26,"s:46:4:46:Infinity":27,"f:49:2:49:22":11,"s:50:4:50:Infinity":28,"s:51:4:51:Infinity":29,"s:52:4:52:Infinity":30,"f:55:8:55:26":12,"b:56:4:57:Infinity:undefined:undefined:undefined:undefined":3,"s:56:4:57:Infinity":31,"b:56:4:56:35:56:27:56:63:56:55:56:Infinity":4,"s:57:6:57:Infinity":32,"s:58:4:58:Infinity":33,"s:59:4:67:Infinity":34,"s:60:6:63:Infinity":35,"s:66:6:66:Infinity":36},"fnNames":{}}}
,"/home/baris/Bureau/TFE-git/src/routes/+page.svelte": {"path":"/home/baris/Bureau/TFE-git/src/routes/+page.svelte","statementMap":{"0":{"start":{"line":9,"column":20},"end":{"line":9,"column":null}},"1":{"start":{"line":11,"column":2},"end":{"line":17,"column":null}},"2":{"start":{"line":12,"column":32},"end":{"line":12,"column":null}},"3":{"start":{"line":13,"column":4},"end":{"line":16,"column":null}},"4":{"start":{"line":15,"column":6},"end":{"line":15,"column":null}},"5":{"start":{"line":21,"column":4},"end":{"line":24,"column":null}},"6":{"start":{"line":23,"column":6},"end":{"line":23,"column":null}},"7":{"start":{"line":28,"column":4},"end":{"line":28,"column":null}},"8":{"start":{"line":29,"column":10},"end":{"line":29,"column":null}},"9":{"start":{"line":33,"column":5},"end":{"line":33,"column":null}},"10":{"start":{"line":33,"column":1},"end":{"line":33,"column":null}},"11":{"start":{"line":40,"column":11},"end":{"line":40,"column":46}},"12":{"start":{"line":40,"column":5},"end":{"line":40,"column":null}},"13":{"start":{"line":40,"column":5},"end":{"line":40,"column":46}},"14":{"start":{"line":45,"column":6},"end":{"line":45,"column":13}},"15":{"start":{"line":45,"column":5},"end":{"line":45,"column":null}},"16":{"start":{"line":45,"column":5},"end":{"line":45,"column":13}},"17":{"start":{"line":45,"column":6},"end":{"line":45,"column":null}},"18":{"start":{"line":47,"column":8},"end":{"line":47,"column":null}},"19":{"start":{"line":49,"column":13},"end":{"line":47,"column":null}},"20":{"start":{"line":52,"column":7},"end":{"line":49,"column":48}},"21":{"start":{"line":47,"column":5},"end":{"line":47,"column":null}},"22":{"start":{"line":49,"column":7},"end":{"line":49,"column":null}},"23":{"start":{"line":52,"column":7},"end":{"line":55,"column":null}},"24":{"start":{"line":39,"column":7},"end":{"line":46,"column":null}},"25":{"start":{"line":39,"column":30},"end":{"line":39,"column":null}},"26":{"start":{"line":39,"column":30},"end":{"line":46,"column":null}},"27":{"start":{"line":43,"column":35},"end":{"line":43,"column":null}},"28":{"start":{"line":43,"column":35},"end":{"line":46,"column":null}},"29":{"start":{"line":46,"column":36},"end":{"line":46,"column":null}}},"fnMap":{"0":{"name":"_page","decl":{"start":{"line":1,"column":0},"end":{"line":1,"column":null}},"loc":{"start":{"line":1,"column":0},"end":{"line":31,"column":null}},"line":1},"1":{"name":"(anonymous_1)","decl":{"start":{"line":11,"column":9},"end":{"line":11,"column":16}},"loc":{"start":{"line":11,"column":16},"end":{"line":17,"column":3}},"line":11},"2":{"name":"verification_if_git_installed","decl":{"start":{"line":19,"column":17},"end":{"line":19,"column":46}},"loc":{"start":{"line":19,"column":49},"end":{"line":25,"column":null}},"line":19},"3":{"name":"openGitWebsites","decl":{"start":{"line":27,"column":17},"end":{"line":27,"column":32}},"loc":{"start":{"line":27,"column":52},"end":{"line":30,"column":null}},"line":27},"4":{"name":"(anonymous_4)","decl":{"start":{"line":45,"column":5},"end":{"line":45,"column":6}},"loc":{"start":{"line":45,"column":5},"end":{"line":45,"column":13}},"line":45},"5":{"name":"(anonymous_5)","decl":{"start":{"line":45,"column":6},"end":{"line":45,"column":13}},"loc":{"start":{"line":45,"column":6},"end":{"line":45,"column":null}},"line":45}},"branchMap":{"0":{"loc":{"start":{"line":13,"column":4},"end":{"line":16,"column":null}},"type":"if","locations":[{"start":{"line":13,"column":4},"end":{"line":16,"column":null}},{"start":{},"end":{}}],"line":13},"1":{"loc":{"start":{"line":21,"column":4},"end":{"line":24,"column":null}},"type":"if","locations":[{"start":{"line":21,"column":4},"end":{"line":24,"column":null}},{"start":{},"end":{}}],"line":21},"2":{"loc":{"start":{"line":39,"column":7},"end":{"line":46,"column":null}},"type":"if","locations":[{"start":{"line":39,"column":7},"end":{"line":46,"column":null}},{"start":{"line":39,"column":30},"end":{"line":46,"column":null}}],"line":39},"3":{"loc":{"start":{"line":39,"column":30},"end":{"line":46,"column":null}},"type":"if","locations":[{"start":{"line":39,"column":30},"end":{"line":46,"column":null}},{"start":{"line":43,"column":35},"end":{"line":46,"column":null}}],"line":39},"4":{"loc":{"start":{"line":43,"column":35},"end":{"line":46,"column":null}},"type":"if","locations":[{"start":{"line":43,"column":35},"end":{"line":46,"column":null}},{"start":{},"end":{}}],"line":43}},"s":{"0":2,"1":2,"2":2,"3":2,"4":2,"5":0,"6":0,"7":0,"8":0,"9":2,"10":2,"11":2,"12":2,"13":2,"14":0,"15":0,"16":0,"17":0,"18":0,"19":0,"20":0,"21":0,"22":0,"23":0,"24":2,"25":2,"26":0,"27":0,"28":0,"29":0},"f":{"0":2,"1":2,"2":0,"3":0,"4":0,"5":0},"b":{"0":[2,0],"1":[0,0],"2":[2,0],"3":[0,0],"4":[0,0]},"meta":{"lastBranch":0,"lastFunction":0,"lastStatement":0,"seen":{},"fnNames":{}}}
}
